Analysis & Synthesis report for single_cycle
Sat Nov 02 14:12:39 2024
Quartus Prime Version 18.1.0 Build 625 09/12/2018 SJ Lite Edition


---------------------
; Table of Contents ;
---------------------
  1. Legal Notice
  2. Analysis & Synthesis Summary
  3. Analysis & Synthesis Settings
  4. Parallel Compilation
  5. Analysis & Synthesis Source Files Read
  6. Analysis & Synthesis Resource Usage Summary
  7. Analysis & Synthesis Resource Utilization by Entity
  8. General Register Statistics
  9. Parameter Settings for User Entity Instance: Top-level Entity: |brc
 10. Parameter Settings for User Entity Instance: brc:highcomp
 11. Parameter Settings for User Entity Instance: brc:highcomp|brc:highcomp
 12. Parameter Settings for User Entity Instance: brc:highcomp|brc:highcomp|brc:highcomp
 13. Parameter Settings for User Entity Instance: brc:highcomp|brc:highcomp|brc:highcomp|brc:highcomp
 14. Parameter Settings for User Entity Instance: brc:highcomp|brc:highcomp|brc:highcomp|brc:highcomp|brc:highcomp
 15. Parameter Settings for User Entity Instance: brc:highcomp|brc:highcomp|brc:highcomp|brc:highcomp|brc:lowcomp
 16. Parameter Settings for User Entity Instance: brc:highcomp|brc:highcomp|brc:highcomp|brc:lowcomp
 17. Parameter Settings for User Entity Instance: brc:highcomp|brc:highcomp|brc:highcomp|brc:lowcomp|brc:highcomp
 18. Parameter Settings for User Entity Instance: brc:highcomp|brc:highcomp|brc:highcomp|brc:lowcomp|brc:lowcomp
 19. Parameter Settings for User Entity Instance: brc:highcomp|brc:highcomp|brc:lowcomp
 20. Parameter Settings for User Entity Instance: brc:highcomp|brc:highcomp|brc:lowcomp|brc:highcomp
 21. Parameter Settings for User Entity Instance: brc:highcomp|brc:highcomp|brc:lowcomp|brc:highcomp|brc:highcomp
 22. Parameter Settings for User Entity Instance: brc:highcomp|brc:highcomp|brc:lowcomp|brc:highcomp|brc:lowcomp
 23. Parameter Settings for User Entity Instance: brc:highcomp|brc:highcomp|brc:lowcomp|brc:lowcomp
 24. Parameter Settings for User Entity Instance: brc:highcomp|brc:highcomp|brc:lowcomp|brc:lowcomp|brc:highcomp
 25. Parameter Settings for User Entity Instance: brc:highcomp|brc:highcomp|brc:lowcomp|brc:lowcomp|brc:lowcomp
 26. Parameter Settings for User Entity Instance: brc:highcomp|brc:lowcomp
 27. Parameter Settings for User Entity Instance: brc:highcomp|brc:lowcomp|brc:highcomp
 28. Parameter Settings for User Entity Instance: brc:highcomp|brc:lowcomp|brc:highcomp|brc:highcomp
 29. Parameter Settings for User Entity Instance: brc:highcomp|brc:lowcomp|brc:highcomp|brc:highcomp|brc:highcomp
 30. Parameter Settings for User Entity Instance: brc:highcomp|brc:lowcomp|brc:highcomp|brc:highcomp|brc:lowcomp
 31. Parameter Settings for User Entity Instance: brc:highcomp|brc:lowcomp|brc:highcomp|brc:lowcomp
 32. Parameter Settings for User Entity Instance: brc:highcomp|brc:lowcomp|brc:highcomp|brc:lowcomp|brc:highcomp
 33. Parameter Settings for User Entity Instance: brc:highcomp|brc:lowcomp|brc:highcomp|brc:lowcomp|brc:lowcomp
 34. Parameter Settings for User Entity Instance: brc:highcomp|brc:lowcomp|brc:lowcomp
 35. Parameter Settings for User Entity Instance: brc:highcomp|brc:lowcomp|brc:lowcomp|brc:highcomp
 36. Parameter Settings for User Entity Instance: brc:highcomp|brc:lowcomp|brc:lowcomp|brc:highcomp|brc:highcomp
 37. Parameter Settings for User Entity Instance: brc:highcomp|brc:lowcomp|brc:lowcomp|brc:highcomp|brc:lowcomp
 38. Parameter Settings for User Entity Instance: brc:highcomp|brc:lowcomp|brc:lowcomp|brc:lowcomp
 39. Parameter Settings for User Entity Instance: brc:highcomp|brc:lowcomp|brc:lowcomp|brc:lowcomp|brc:highcomp
 40. Parameter Settings for User Entity Instance: brc:highcomp|brc:lowcomp|brc:lowcomp|brc:lowcomp|brc:lowcomp
 41. Parameter Settings for User Entity Instance: brc:lowcomp
 42. Parameter Settings for User Entity Instance: brc:lowcomp|brc:highcomp
 43. Parameter Settings for User Entity Instance: brc:lowcomp|brc:highcomp|brc:highcomp
 44. Parameter Settings for User Entity Instance: brc:lowcomp|brc:highcomp|brc:highcomp|brc:highcomp
 45. Parameter Settings for User Entity Instance: brc:lowcomp|brc:highcomp|brc:highcomp|brc:highcomp|brc:highcomp
 46. Parameter Settings for User Entity Instance: brc:lowcomp|brc:highcomp|brc:highcomp|brc:highcomp|brc:lowcomp
 47. Parameter Settings for User Entity Instance: brc:lowcomp|brc:highcomp|brc:highcomp|brc:lowcomp
 48. Parameter Settings for User Entity Instance: brc:lowcomp|brc:highcomp|brc:highcomp|brc:lowcomp|brc:highcomp
 49. Parameter Settings for User Entity Instance: brc:lowcomp|brc:highcomp|brc:highcomp|brc:lowcomp|brc:lowcomp
 50. Parameter Settings for User Entity Instance: brc:lowcomp|brc:highcomp|brc:lowcomp
 51. Parameter Settings for User Entity Instance: brc:lowcomp|brc:highcomp|brc:lowcomp|brc:highcomp
 52. Parameter Settings for User Entity Instance: brc:lowcomp|brc:highcomp|brc:lowcomp|brc:highcomp|brc:highcomp
 53. Parameter Settings for User Entity Instance: brc:lowcomp|brc:highcomp|brc:lowcomp|brc:highcomp|brc:lowcomp
 54. Parameter Settings for User Entity Instance: brc:lowcomp|brc:highcomp|brc:lowcomp|brc:lowcomp
 55. Parameter Settings for User Entity Instance: brc:lowcomp|brc:highcomp|brc:lowcomp|brc:lowcomp|brc:highcomp
 56. Parameter Settings for User Entity Instance: brc:lowcomp|brc:highcomp|brc:lowcomp|brc:lowcomp|brc:lowcomp
 57. Parameter Settings for User Entity Instance: brc:lowcomp|brc:lowcomp
 58. Parameter Settings for User Entity Instance: brc:lowcomp|brc:lowcomp|brc:highcomp
 59. Parameter Settings for User Entity Instance: brc:lowcomp|brc:lowcomp|brc:highcomp|brc:highcomp
 60. Parameter Settings for User Entity Instance: brc:lowcomp|brc:lowcomp|brc:highcomp|brc:highcomp|brc:highcomp
 61. Parameter Settings for User Entity Instance: brc:lowcomp|brc:lowcomp|brc:highcomp|brc:highcomp|brc:lowcomp
 62. Parameter Settings for User Entity Instance: brc:lowcomp|brc:lowcomp|brc:highcomp|brc:lowcomp
 63. Parameter Settings for User Entity Instance: brc:lowcomp|brc:lowcomp|brc:highcomp|brc:lowcomp|brc:highcomp
 64. Parameter Settings for User Entity Instance: brc:lowcomp|brc:lowcomp|brc:highcomp|brc:lowcomp|brc:lowcomp
 65. Parameter Settings for User Entity Instance: brc:lowcomp|brc:lowcomp|brc:lowcomp
 66. Parameter Settings for User Entity Instance: brc:lowcomp|brc:lowcomp|brc:lowcomp|brc:highcomp
 67. Parameter Settings for User Entity Instance: brc:lowcomp|brc:lowcomp|brc:lowcomp|brc:highcomp|brc:highcomp
 68. Parameter Settings for User Entity Instance: brc:lowcomp|brc:lowcomp|brc:lowcomp|brc:highcomp|brc:lowcomp
 69. Parameter Settings for User Entity Instance: brc:lowcomp|brc:lowcomp|brc:lowcomp|brc:lowcomp
 70. Parameter Settings for User Entity Instance: brc:lowcomp|brc:lowcomp|brc:lowcomp|brc:lowcomp|brc:highcomp
 71. Parameter Settings for User Entity Instance: brc:lowcomp|brc:lowcomp|brc:lowcomp|brc:lowcomp|brc:lowcomp
 72. Post-Synthesis Netlist Statistics for Top Partition
 73. Elapsed Time Per Partition
 74. Analysis & Synthesis Messages



----------------
; Legal Notice ;
----------------
Copyright (C) 2018  Intel Corporation. All rights reserved.
Your use of Intel Corporation's design tools, logic functions 
and other software and tools, and its AMPP partner logic 
functions, and any output files from any of the foregoing 
(including device programming or simulation files), and any 
associated documentation or information are expressly subject 
to the terms and conditions of the Intel Program License 
Subscription Agreement, the Intel Quartus Prime License Agreement,
the Intel FPGA IP License Agreement, or other applicable license
agreement, including, without limitation, that your use is for
the sole purpose of programming logic devices manufactured by
Intel and sold by Intel or its authorized distributors.  Please
refer to the applicable agreement for further details.



+-------------------------------------------------------------------------------+
; Analysis & Synthesis Summary                                                  ;
+---------------------------------+---------------------------------------------+
; Analysis & Synthesis Status     ; Successful - Sat Nov 02 14:12:39 2024       ;
; Quartus Prime Version           ; 18.1.0 Build 625 09/12/2018 SJ Lite Edition ;
; Revision Name                   ; single_cycle                                ;
; Top-level Entity Name           ; brc                                         ;
; Family                          ; Cyclone V                                   ;
; Logic utilization (in ALMs)     ; N/A                                         ;
; Total registers                 ; 0                                           ;
; Total pins                      ; 67                                          ;
; Total virtual pins              ; 0                                           ;
; Total block memory bits         ; 0                                           ;
; Total DSP Blocks                ; 0                                           ;
; Total HSSI RX PCSs              ; 0                                           ;
; Total HSSI PMA RX Deserializers ; 0                                           ;
; Total HSSI TX PCSs              ; 0                                           ;
; Total HSSI PMA TX Serializers   ; 0                                           ;
; Total PLLs                      ; 0                                           ;
; Total DLLs                      ; 0                                           ;
+---------------------------------+---------------------------------------------+


+---------------------------------------------------------------------------------------------------------------------------+
; Analysis & Synthesis Settings                                                                                             ;
+---------------------------------------------------------------------------------+--------------------+--------------------+
; Option                                                                          ; Setting            ; Default Value      ;
+---------------------------------------------------------------------------------+--------------------+--------------------+
; Device                                                                          ; 5CGXFC7C7F23C8     ;                    ;
; Top-level entity name                                                           ; brc                ; single_cycle       ;
; Family name                                                                     ; Cyclone V          ; Cyclone V          ;
; Use smart compilation                                                           ; On                 ; Off                ;
; Maximum processors allowed for parallel compilation                             ; 16                 ;                    ;
; Enable parallel Assembler and Timing Analyzer during compilation                ; On                 ; On                 ;
; Enable compact report table                                                     ; Off                ; Off                ;
; Restructure Multiplexers                                                        ; Auto               ; Auto               ;
; MLAB Add Timing Constraints For Mixed-Port Feed-Through Mode Setting Don't Care ; Off                ; Off                ;
; Create Debugging Nodes for IP Cores                                             ; Off                ; Off                ;
; Preserve fewer node names                                                       ; On                 ; On                 ;
; Intel FPGA IP Evaluation Mode                                                   ; Enable             ; Enable             ;
; Verilog Version                                                                 ; Verilog_2001       ; Verilog_2001       ;
; VHDL Version                                                                    ; VHDL_1993          ; VHDL_1993          ;
; State Machine Processing                                                        ; Auto               ; Auto               ;
; Safe State Machine                                                              ; Off                ; Off                ;
; Extract Verilog State Machines                                                  ; On                 ; On                 ;
; Extract VHDL State Machines                                                     ; On                 ; On                 ;
; Ignore Verilog initial constructs                                               ; Off                ; Off                ;
; Iteration limit for constant Verilog loops                                      ; 5000               ; 5000               ;
; Iteration limit for non-constant Verilog loops                                  ; 250                ; 250                ;
; Add Pass-Through Logic to Inferred RAMs                                         ; On                 ; On                 ;
; Infer RAMs from Raw Logic                                                       ; On                 ; On                 ;
; Parallel Synthesis                                                              ; On                 ; On                 ;
; DSP Block Balancing                                                             ; Auto               ; Auto               ;
; NOT Gate Push-Back                                                              ; On                 ; On                 ;
; Power-Up Don't Care                                                             ; On                 ; On                 ;
; Remove Redundant Logic Cells                                                    ; Off                ; Off                ;
; Remove Duplicate Registers                                                      ; On                 ; On                 ;
; Ignore CARRY Buffers                                                            ; Off                ; Off                ;
; Ignore CASCADE Buffers                                                          ; Off                ; Off                ;
; Ignore GLOBAL Buffers                                                           ; Off                ; Off                ;
; Ignore ROW GLOBAL Buffers                                                       ; Off                ; Off                ;
; Ignore LCELL Buffers                                                            ; Off                ; Off                ;
; Ignore SOFT Buffers                                                             ; On                 ; On                 ;
; Limit AHDL Integers to 32 Bits                                                  ; Off                ; Off                ;
; Optimization Technique                                                          ; Balanced           ; Balanced           ;
; Carry Chain Length                                                              ; 70                 ; 70                 ;
; Auto Carry Chains                                                               ; On                 ; On                 ;
; Auto Open-Drain Pins                                                            ; On                 ; On                 ;
; Perform WYSIWYG Primitive Resynthesis                                           ; Off                ; Off                ;
; Auto ROM Replacement                                                            ; On                 ; On                 ;
; Auto RAM Replacement                                                            ; On                 ; On                 ;
; Auto DSP Block Replacement                                                      ; On                 ; On                 ;
; Auto Shift Register Replacement                                                 ; Auto               ; Auto               ;
; Allow Shift Register Merging across Hierarchies                                 ; Auto               ; Auto               ;
; Auto Clock Enable Replacement                                                   ; On                 ; On                 ;
; Strict RAM Replacement                                                          ; Off                ; Off                ;
; Allow Synchronous Control Signals                                               ; On                 ; On                 ;
; Force Use of Synchronous Clear Signals                                          ; Off                ; Off                ;
; Auto Resource Sharing                                                           ; Off                ; Off                ;
; Allow Any RAM Size For Recognition                                              ; Off                ; Off                ;
; Allow Any ROM Size For Recognition                                              ; Off                ; Off                ;
; Allow Any Shift Register Size For Recognition                                   ; Off                ; Off                ;
; Use LogicLock Constraints during Resource Balancing                             ; On                 ; On                 ;
; Ignore translate_off and synthesis_off directives                               ; Off                ; Off                ;
; Timing-Driven Synthesis                                                         ; On                 ; On                 ;
; Report Parameter Settings                                                       ; On                 ; On                 ;
; Report Source Assignments                                                       ; On                 ; On                 ;
; Report Connectivity Checks                                                      ; On                 ; On                 ;
; Ignore Maximum Fan-Out Assignments                                              ; Off                ; Off                ;
; Synchronization Register Chain Length                                           ; 3                  ; 3                  ;
; Power Optimization During Synthesis                                             ; Normal compilation ; Normal compilation ;
; HDL message level                                                               ; Level2             ; Level2             ;
; Suppress Register Optimization Related Messages                                 ; Off                ; Off                ;
; Number of Removed Registers Reported in Synthesis Report                        ; 5000               ; 5000               ;
; Number of Swept Nodes Reported in Synthesis Report                              ; 5000               ; 5000               ;
; Number of Inverted Registers Reported in Synthesis Report                       ; 100                ; 100                ;
; Clock MUX Protection                                                            ; On                 ; On                 ;
; Auto Gated Clock Conversion                                                     ; Off                ; Off                ;
; Block Design Naming                                                             ; Auto               ; Auto               ;
; SDC constraint protection                                                       ; Off                ; Off                ;
; Synthesis Effort                                                                ; Auto               ; Auto               ;
; Shift Register Replacement - Allow Asynchronous Clear Signal                    ; On                 ; On                 ;
; Pre-Mapping Resynthesis Optimization                                            ; Off                ; Off                ;
; Analysis & Synthesis Message Level                                              ; Medium             ; Medium             ;
; Disable Register Merging Across Hierarchies                                     ; Auto               ; Auto               ;
; Resource Aware Inference For Block RAM                                          ; On                 ; On                 ;
; Automatic Parallel Synthesis                                                    ; On                 ; On                 ;
; Partial Reconfiguration Bitstream ID                                            ; Off                ; Off                ;
+---------------------------------------------------------------------------------+--------------------+--------------------+


+------------------------------------------+
; Parallel Compilation                     ;
+----------------------------+-------------+
; Processors                 ; Number      ;
+----------------------------+-------------+
; Number detected on machine ; 16          ;
; Maximum allowed            ; 16          ;
;                            ;             ;
; Average used               ; 1.00        ;
; Maximum used               ; 1           ;
;                            ;             ;
; Usage by Processor         ; % Time Used ;
;     Processor 1            ; 100.0%      ;
+----------------------------+-------------+


+-----------------------------------------------------------------------------------------------------------------------------------------------------+
; Analysis & Synthesis Source Files Read                                                                                                              ;
+----------------------------------+-----------------+------------------------------+-------------------------------------------------------+---------+
; File Name with User-Entered Path ; Used in Netlist ; File Type                    ; File Name with Absolute Path                          ; Library ;
+----------------------------------+-----------------+------------------------------+-------------------------------------------------------+---------+
; ../00_src/brc.sv                 ; yes             ; User SystemVerilog HDL File  ; D:/214/ctmt/lab/Milestone2_Single Cycle/00_src/brc.sv ;         ;
+----------------------------------+-----------------+------------------------------+-------------------------------------------------------+---------+


+--------------------------------------------------------------+
; Analysis & Synthesis Resource Usage Summary                  ;
+---------------------------------------------+----------------+
; Resource                                    ; Usage          ;
+---------------------------------------------+----------------+
; Estimate of Logic utilization (ALMs needed) ; 35             ;
;                                             ;                ;
; Combinational ALUT usage for logic          ; 50             ;
;     -- 7 input functions                    ; 0              ;
;     -- 6 input functions                    ; 19             ;
;     -- 5 input functions                    ; 11             ;
;     -- 4 input functions                    ; 13             ;
;     -- <=3 input functions                  ; 7              ;
;                                             ;                ;
; Dedicated logic registers                   ; 0              ;
;                                             ;                ;
; I/O pins                                    ; 67             ;
;                                             ;                ;
; Total DSP Blocks                            ; 0              ;
;                                             ;                ;
; Maximum fan-out node                        ; i_brc_un~input ;
; Maximum fan-out                             ; 17             ;
; Total fan-out                               ; 308            ;
; Average fan-out                             ; 1.67           ;
+---------------------------------------------+----------------+


+--------------------------------------------------------------------------------------------------------------------------------------------------------------------------------------------------------------------------------------------+
; Analysis & Synthesis Resource Utilization by Entity                                                                                                                                                                                        ;
+-------------------------------+---------------------+---------------------------+-------------------+------------+------+--------------+----------------------------------------------------------------------+-------------+--------------+
; Compilation Hierarchy Node    ; Combinational ALUTs ; Dedicated Logic Registers ; Block Memory Bits ; DSP Blocks ; Pins ; Virtual Pins ; Full Hierarchy Name                                                  ; Entity Name ; Library Name ;
+-------------------------------+---------------------+---------------------------+-------------------+------------+------+--------------+----------------------------------------------------------------------+-------------+--------------+
; |brc                          ; 50 (18)             ; 0 (0)                     ; 0                 ; 0          ; 67   ; 0            ; |brc                                                                 ; brc         ; work         ;
;    |brc:highcomp|             ; 12 (4)              ; 0 (0)                     ; 0                 ; 0          ; 0    ; 0            ; |brc|brc:highcomp                                                    ; brc         ; work         ;
;       |brc:highcomp|          ; 5 (5)               ; 0 (0)                     ; 0                 ; 0          ; 0    ; 0            ; |brc|brc:highcomp|brc:highcomp                                       ; brc         ; work         ;
;       |brc:lowcomp|           ; 3 (0)               ; 0 (0)                     ; 0                 ; 0          ; 0    ; 0            ; |brc|brc:highcomp|brc:lowcomp                                        ; brc         ; work         ;
;          |brc:highcomp|       ; 1 (0)               ; 0 (0)                     ; 0                 ; 0          ; 0    ; 0            ; |brc|brc:highcomp|brc:lowcomp|brc:highcomp                           ; brc         ; work         ;
;             |brc:highcomp|    ; 1 (0)               ; 0 (0)                     ; 0                 ; 0          ; 0    ; 0            ; |brc|brc:highcomp|brc:lowcomp|brc:highcomp|brc:highcomp              ; brc         ; work         ;
;                |brc:highcomp| ; 1 (1)               ; 0 (0)                     ; 0                 ; 0          ; 0    ; 0            ; |brc|brc:highcomp|brc:lowcomp|brc:highcomp|brc:highcomp|brc:highcomp ; brc         ; work         ;
;          |brc:lowcomp|        ; 2 (2)               ; 0 (0)                     ; 0                 ; 0          ; 0    ; 0            ; |brc|brc:highcomp|brc:lowcomp|brc:lowcomp                            ; brc         ; work         ;
;    |brc:lowcomp|              ; 20 (7)              ; 0 (0)                     ; 0                 ; 0          ; 0    ; 0            ; |brc|brc:lowcomp                                                     ; brc         ; work         ;
;       |brc:highcomp|          ; 7 (4)               ; 0 (0)                     ; 0                 ; 0          ; 0    ; 0            ; |brc|brc:lowcomp|brc:highcomp                                        ; brc         ; work         ;
;          |brc:highcomp|       ; 1 (0)               ; 0 (0)                     ; 0                 ; 0          ; 0    ; 0            ; |brc|brc:lowcomp|brc:highcomp|brc:highcomp                           ; brc         ; work         ;
;             |brc:highcomp|    ; 1 (1)               ; 0 (0)                     ; 0                 ; 0          ; 0    ; 0            ; |brc|brc:lowcomp|brc:highcomp|brc:highcomp|brc:highcomp              ; brc         ; work         ;
;          |brc:lowcomp|        ; 2 (2)               ; 0 (0)                     ; 0                 ; 0          ; 0    ; 0            ; |brc|brc:lowcomp|brc:highcomp|brc:lowcomp                            ; brc         ; work         ;
;       |brc:lowcomp|           ; 6 (4)               ; 0 (0)                     ; 0                 ; 0          ; 0    ; 0            ; |brc|brc:lowcomp|brc:lowcomp                                         ; brc         ; work         ;
;          |brc:lowcomp|        ; 2 (2)               ; 0 (0)                     ; 0                 ; 0          ; 0    ; 0            ; |brc|brc:lowcomp|brc:lowcomp|brc:lowcomp                             ; brc         ; work         ;
+-------------------------------+---------------------+---------------------------+-------------------+------------+------+--------------+----------------------------------------------------------------------+-------------+--------------+
Note: For table entries with two numbers listed, the numbers in parentheses indicate the number of resources of the given type used by the specific entity alone. The numbers listed outside of parentheses indicate the total resources of the given type used by the specific entity and all of its sub-entities in the hierarchy.


+------------------------------------------------------+
; General Register Statistics                          ;
+----------------------------------------------+-------+
; Statistic                                    ; Value ;
+----------------------------------------------+-------+
; Total registers                              ; 0     ;
; Number of registers using Synchronous Clear  ; 0     ;
; Number of registers using Synchronous Load   ; 0     ;
; Number of registers using Asynchronous Clear ; 0     ;
; Number of registers using Asynchronous Load  ; 0     ;
; Number of registers using Clock Enable       ; 0     ;
; Number of registers using Preset             ; 0     ;
+----------------------------------------------+-------+


+---------------------------------------------------------------------+
; Parameter Settings for User Entity Instance: Top-level Entity: |brc ;
+----------------+-------+--------------------------------------------+
; Parameter Name ; Value ; Type                                       ;
+----------------+-------+--------------------------------------------+
; DATA_SIZE      ; 32    ; Signed Integer                             ;
+----------------+-------+--------------------------------------------+
Note: In order to hide this table in the UI and the text report file, please set the "Show Parameter Settings in Synthesis Report" option in "Analysis and Synthesis Settings -> More Settings" to "Off".


+-----------------------------------------------------------+
; Parameter Settings for User Entity Instance: brc:highcomp ;
+----------------+-------+----------------------------------+
; Parameter Name ; Value ; Type                             ;
+----------------+-------+----------------------------------+
; DATA_SIZE      ; 16    ; Signed Integer                   ;
+----------------+-------+----------------------------------+
Note: In order to hide this table in the UI and the text report file, please set the "Show Parameter Settings in Synthesis Report" option in "Analysis and Synthesis Settings -> More Settings" to "Off".


+------------------------------------------------------------------------+
; Parameter Settings for User Entity Instance: brc:highcomp|brc:highcomp ;
+----------------+-------+-----------------------------------------------+
; Parameter Name ; Value ; Type                                          ;
+----------------+-------+-----------------------------------------------+
; DATA_SIZE      ; 8     ; Signed Integer                                ;
+----------------+-------+-----------------------------------------------+
Note: In order to hide this table in the UI and the text report file, please set the "Show Parameter Settings in Synthesis Report" option in "Analysis and Synthesis Settings -> More Settings" to "Off".


+-------------------------------------------------------------------------------------+
; Parameter Settings for User Entity Instance: brc:highcomp|brc:highcomp|brc:highcomp ;
+----------------+-------+------------------------------------------------------------+
; Parameter Name ; Value ; Type                                                       ;
+----------------+-------+------------------------------------------------------------+
; DATA_SIZE      ; 4     ; Signed Integer                                             ;
+----------------+-------+------------------------------------------------------------+
Note: In order to hide this table in the UI and the text report file, please set the "Show Parameter Settings in Synthesis Report" option in "Analysis and Synthesis Settings -> More Settings" to "Off".


+--------------------------------------------------------------------------------------------------+
; Parameter Settings for User Entity Instance: brc:highcomp|brc:highcomp|brc:highcomp|brc:highcomp ;
+----------------+-------+-------------------------------------------------------------------------+
; Parameter Name ; Value ; Type                                                                    ;
+----------------+-------+-------------------------------------------------------------------------+
; DATA_SIZE      ; 2     ; Signed Integer                                                          ;
+----------------+-------+-------------------------------------------------------------------------+
Note: In order to hide this table in the UI and the text report file, please set the "Show Parameter Settings in Synthesis Report" option in "Analysis and Synthesis Settings -> More Settings" to "Off".


+---------------------------------------------------------------------------------------------------------------+
; Parameter Settings for User Entity Instance: brc:highcomp|brc:highcomp|brc:highcomp|brc:highcomp|brc:highcomp ;
+----------------+-------+--------------------------------------------------------------------------------------+
; Parameter Name ; Value ; Type                                                                                 ;
+----------------+-------+--------------------------------------------------------------------------------------+
; DATA_SIZE      ; 1     ; Signed Integer                                                                       ;
+----------------+-------+--------------------------------------------------------------------------------------+
Note: In order to hide this table in the UI and the text report file, please set the "Show Parameter Settings in Synthesis Report" option in "Analysis and Synthesis Settings -> More Settings" to "Off".


+--------------------------------------------------------------------------------------------------------------+
; Parameter Settings for User Entity Instance: brc:highcomp|brc:highcomp|brc:highcomp|brc:highcomp|brc:lowcomp ;
+----------------+-------+-------------------------------------------------------------------------------------+
; Parameter Name ; Value ; Type                                                                                ;
+----------------+-------+-------------------------------------------------------------------------------------+
; DATA_SIZE      ; 1     ; Signed Integer                                                                      ;
+----------------+-------+-------------------------------------------------------------------------------------+
Note: In order to hide this table in the UI and the text report file, please set the "Show Parameter Settings in Synthesis Report" option in "Analysis and Synthesis Settings -> More Settings" to "Off".


+-------------------------------------------------------------------------------------------------+
; Parameter Settings for User Entity Instance: brc:highcomp|brc:highcomp|brc:highcomp|brc:lowcomp ;
+----------------+-------+------------------------------------------------------------------------+
; Parameter Name ; Value ; Type                                                                   ;
+----------------+-------+------------------------------------------------------------------------+
; DATA_SIZE      ; 2     ; Signed Integer                                                         ;
+----------------+-------+------------------------------------------------------------------------+
Note: In order to hide this table in the UI and the text report file, please set the "Show Parameter Settings in Synthesis Report" option in "Analysis and Synthesis Settings -> More Settings" to "Off".


+--------------------------------------------------------------------------------------------------------------+
; Parameter Settings for User Entity Instance: brc:highcomp|brc:highcomp|brc:highcomp|brc:lowcomp|brc:highcomp ;
+----------------+-------+-------------------------------------------------------------------------------------+
; Parameter Name ; Value ; Type                                                                                ;
+----------------+-------+-------------------------------------------------------------------------------------+
; DATA_SIZE      ; 1     ; Signed Integer                                                                      ;
+----------------+-------+-------------------------------------------------------------------------------------+
Note: In order to hide this table in the UI and the text report file, please set the "Show Parameter Settings in Synthesis Report" option in "Analysis and Synthesis Settings -> More Settings" to "Off".


+-------------------------------------------------------------------------------------------------------------+
; Parameter Settings for User Entity Instance: brc:highcomp|brc:highcomp|brc:highcomp|brc:lowcomp|brc:lowcomp ;
+----------------+-------+------------------------------------------------------------------------------------+
; Parameter Name ; Value ; Type                                                                               ;
+----------------+-------+------------------------------------------------------------------------------------+
; DATA_SIZE      ; 1     ; Signed Integer                                                                     ;
+----------------+-------+------------------------------------------------------------------------------------+
Note: In order to hide this table in the UI and the text report file, please set the "Show Parameter Settings in Synthesis Report" option in "Analysis and Synthesis Settings -> More Settings" to "Off".


+------------------------------------------------------------------------------------+
; Parameter Settings for User Entity Instance: brc:highcomp|brc:highcomp|brc:lowcomp ;
+----------------+-------+-----------------------------------------------------------+
; Parameter Name ; Value ; Type                                                      ;
+----------------+-------+-----------------------------------------------------------+
; DATA_SIZE      ; 4     ; Signed Integer                                            ;
+----------------+-------+-----------------------------------------------------------+
Note: In order to hide this table in the UI and the text report file, please set the "Show Parameter Settings in Synthesis Report" option in "Analysis and Synthesis Settings -> More Settings" to "Off".


+-------------------------------------------------------------------------------------------------+
; Parameter Settings for User Entity Instance: brc:highcomp|brc:highcomp|brc:lowcomp|brc:highcomp ;
+----------------+-------+------------------------------------------------------------------------+
; Parameter Name ; Value ; Type                                                                   ;
+----------------+-------+------------------------------------------------------------------------+
; DATA_SIZE      ; 2     ; Signed Integer                                                         ;
+----------------+-------+------------------------------------------------------------------------+
Note: In order to hide this table in the UI and the text report file, please set the "Show Parameter Settings in Synthesis Report" option in "Analysis and Synthesis Settings -> More Settings" to "Off".


+--------------------------------------------------------------------------------------------------------------+
; Parameter Settings for User Entity Instance: brc:highcomp|brc:highcomp|brc:lowcomp|brc:highcomp|brc:highcomp ;
+----------------+-------+-------------------------------------------------------------------------------------+
; Parameter Name ; Value ; Type                                                                                ;
+----------------+-------+-------------------------------------------------------------------------------------+
; DATA_SIZE      ; 1     ; Signed Integer                                                                      ;
+----------------+-------+-------------------------------------------------------------------------------------+
Note: In order to hide this table in the UI and the text report file, please set the "Show Parameter Settings in Synthesis Report" option in "Analysis and Synthesis Settings -> More Settings" to "Off".


+-------------------------------------------------------------------------------------------------------------+
; Parameter Settings for User Entity Instance: brc:highcomp|brc:highcomp|brc:lowcomp|brc:highcomp|brc:lowcomp ;
+----------------+-------+------------------------------------------------------------------------------------+
; Parameter Name ; Value ; Type                                                                               ;
+----------------+-------+------------------------------------------------------------------------------------+
; DATA_SIZE      ; 1     ; Signed Integer                                                                     ;
+----------------+-------+------------------------------------------------------------------------------------+
Note: In order to hide this table in the UI and the text report file, please set the "Show Parameter Settings in Synthesis Report" option in "Analysis and Synthesis Settings -> More Settings" to "Off".


+------------------------------------------------------------------------------------------------+
; Parameter Settings for User Entity Instance: brc:highcomp|brc:highcomp|brc:lowcomp|brc:lowcomp ;
+----------------+-------+-----------------------------------------------------------------------+
; Parameter Name ; Value ; Type                                                                  ;
+----------------+-------+-----------------------------------------------------------------------+
; DATA_SIZE      ; 2     ; Signed Integer                                                        ;
+----------------+-------+-----------------------------------------------------------------------+
Note: In order to hide this table in the UI and the text report file, please set the "Show Parameter Settings in Synthesis Report" option in "Analysis and Synthesis Settings -> More Settings" to "Off".


+-------------------------------------------------------------------------------------------------------------+
; Parameter Settings for User Entity Instance: brc:highcomp|brc:highcomp|brc:lowcomp|brc:lowcomp|brc:highcomp ;
+----------------+-------+------------------------------------------------------------------------------------+
; Parameter Name ; Value ; Type                                                                               ;
+----------------+-------+------------------------------------------------------------------------------------+
; DATA_SIZE      ; 1     ; Signed Integer                                                                     ;
+----------------+-------+------------------------------------------------------------------------------------+
Note: In order to hide this table in the UI and the text report file, please set the "Show Parameter Settings in Synthesis Report" option in "Analysis and Synthesis Settings -> More Settings" to "Off".


+------------------------------------------------------------------------------------------------------------+
; Parameter Settings for User Entity Instance: brc:highcomp|brc:highcomp|brc:lowcomp|brc:lowcomp|brc:lowcomp ;
+----------------+-------+-----------------------------------------------------------------------------------+
; Parameter Name ; Value ; Type                                                                              ;
+----------------+-------+-----------------------------------------------------------------------------------+
; DATA_SIZE      ; 1     ; Signed Integer                                                                    ;
+----------------+-------+-----------------------------------------------------------------------------------+
Note: In order to hide this table in the UI and the text report file, please set the "Show Parameter Settings in Synthesis Report" option in "Analysis and Synthesis Settings -> More Settings" to "Off".


+-----------------------------------------------------------------------+
; Parameter Settings for User Entity Instance: brc:highcomp|brc:lowcomp ;
+----------------+-------+----------------------------------------------+
; Parameter Name ; Value ; Type                                         ;
+----------------+-------+----------------------------------------------+
; DATA_SIZE      ; 8     ; Signed Integer                               ;
+----------------+-------+----------------------------------------------+
Note: In order to hide this table in the UI and the text report file, please set the "Show Parameter Settings in Synthesis Report" option in "Analysis and Synthesis Settings -> More Settings" to "Off".


+------------------------------------------------------------------------------------+
; Parameter Settings for User Entity Instance: brc:highcomp|brc:lowcomp|brc:highcomp ;
+----------------+-------+-----------------------------------------------------------+
; Parameter Name ; Value ; Type                                                      ;
+----------------+-------+-----------------------------------------------------------+
; DATA_SIZE      ; 4     ; Signed Integer                                            ;
+----------------+-------+-----------------------------------------------------------+
Note: In order to hide this table in the UI and the text report file, please set the "Show Parameter Settings in Synthesis Report" option in "Analysis and Synthesis Settings -> More Settings" to "Off".


+-------------------------------------------------------------------------------------------------+
; Parameter Settings for User Entity Instance: brc:highcomp|brc:lowcomp|brc:highcomp|brc:highcomp ;
+----------------+-------+------------------------------------------------------------------------+
; Parameter Name ; Value ; Type                                                                   ;
+----------------+-------+------------------------------------------------------------------------+
; DATA_SIZE      ; 2     ; Signed Integer                                                         ;
+----------------+-------+------------------------------------------------------------------------+
Note: In order to hide this table in the UI and the text report file, please set the "Show Parameter Settings in Synthesis Report" option in "Analysis and Synthesis Settings -> More Settings" to "Off".


+--------------------------------------------------------------------------------------------------------------+
; Parameter Settings for User Entity Instance: brc:highcomp|brc:lowcomp|brc:highcomp|brc:highcomp|brc:highcomp ;
+----------------+-------+-------------------------------------------------------------------------------------+
; Parameter Name ; Value ; Type                                                                                ;
+----------------+-------+-------------------------------------------------------------------------------------+
; DATA_SIZE      ; 1     ; Signed Integer                                                                      ;
+----------------+-------+-------------------------------------------------------------------------------------+
Note: In order to hide this table in the UI and the text report file, please set the "Show Parameter Settings in Synthesis Report" option in "Analysis and Synthesis Settings -> More Settings" to "Off".


+-------------------------------------------------------------------------------------------------------------+
; Parameter Settings for User Entity Instance: brc:highcomp|brc:lowcomp|brc:highcomp|brc:highcomp|brc:lowcomp ;
+----------------+-------+------------------------------------------------------------------------------------+
; Parameter Name ; Value ; Type                                                                               ;
+----------------+-------+------------------------------------------------------------------------------------+
; DATA_SIZE      ; 1     ; Signed Integer                                                                     ;
+----------------+-------+------------------------------------------------------------------------------------+
Note: In order to hide this table in the UI and the text report file, please set the "Show Parameter Settings in Synthesis Report" option in "Analysis and Synthesis Settings -> More Settings" to "Off".


+------------------------------------------------------------------------------------------------+
; Parameter Settings for User Entity Instance: brc:highcomp|brc:lowcomp|brc:highcomp|brc:lowcomp ;
+----------------+-------+-----------------------------------------------------------------------+
; Parameter Name ; Value ; Type                                                                  ;
+----------------+-------+-----------------------------------------------------------------------+
; DATA_SIZE      ; 2     ; Signed Integer                                                        ;
+----------------+-------+-----------------------------------------------------------------------+
Note: In order to hide this table in the UI and the text report file, please set the "Show Parameter Settings in Synthesis Report" option in "Analysis and Synthesis Settings -> More Settings" to "Off".


+-------------------------------------------------------------------------------------------------------------+
; Parameter Settings for User Entity Instance: brc:highcomp|brc:lowcomp|brc:highcomp|brc:lowcomp|brc:highcomp ;
+----------------+-------+------------------------------------------------------------------------------------+
; Parameter Name ; Value ; Type                                                                               ;
+----------------+-------+------------------------------------------------------------------------------------+
; DATA_SIZE      ; 1     ; Signed Integer                                                                     ;
+----------------+-------+------------------------------------------------------------------------------------+
Note: In order to hide this table in the UI and the text report file, please set the "Show Parameter Settings in Synthesis Report" option in "Analysis and Synthesis Settings -> More Settings" to "Off".


+------------------------------------------------------------------------------------------------------------+
; Parameter Settings for User Entity Instance: brc:highcomp|brc:lowcomp|brc:highcomp|brc:lowcomp|brc:lowcomp ;
+----------------+-------+-----------------------------------------------------------------------------------+
; Parameter Name ; Value ; Type                                                                              ;
+----------------+-------+-----------------------------------------------------------------------------------+
; DATA_SIZE      ; 1     ; Signed Integer                                                                    ;
+----------------+-------+-----------------------------------------------------------------------------------+
Note: In order to hide this table in the UI and the text report file, please set the "Show Parameter Settings in Synthesis Report" option in "Analysis and Synthesis Settings -> More Settings" to "Off".


+-----------------------------------------------------------------------------------+
; Parameter Settings for User Entity Instance: brc:highcomp|brc:lowcomp|brc:lowcomp ;
+----------------+-------+----------------------------------------------------------+
; Parameter Name ; Value ; Type                                                     ;
+----------------+-------+----------------------------------------------------------+
; DATA_SIZE      ; 4     ; Signed Integer                                           ;
+----------------+-------+----------------------------------------------------------+
Note: In order to hide this table in the UI and the text report file, please set the "Show Parameter Settings in Synthesis Report" option in "Analysis and Synthesis Settings -> More Settings" to "Off".


+------------------------------------------------------------------------------------------------+
; Parameter Settings for User Entity Instance: brc:highcomp|brc:lowcomp|brc:lowcomp|brc:highcomp ;
+----------------+-------+-----------------------------------------------------------------------+
; Parameter Name ; Value ; Type                                                                  ;
+----------------+-------+-----------------------------------------------------------------------+
; DATA_SIZE      ; 2     ; Signed Integer                                                        ;
+----------------+-------+-----------------------------------------------------------------------+
Note: In order to hide this table in the UI and the text report file, please set the "Show Parameter Settings in Synthesis Report" option in "Analysis and Synthesis Settings -> More Settings" to "Off".


+-------------------------------------------------------------------------------------------------------------+
; Parameter Settings for User Entity Instance: brc:highcomp|brc:lowcomp|brc:lowcomp|brc:highcomp|brc:highcomp ;
+----------------+-------+------------------------------------------------------------------------------------+
; Parameter Name ; Value ; Type                                                                               ;
+----------------+-------+------------------------------------------------------------------------------------+
; DATA_SIZE      ; 1     ; Signed Integer                                                                     ;
+----------------+-------+------------------------------------------------------------------------------------+
Note: In order to hide this table in the UI and the text report file, please set the "Show Parameter Settings in Synthesis Report" option in "Analysis and Synthesis Settings -> More Settings" to "Off".


+------------------------------------------------------------------------------------------------------------+
; Parameter Settings for User Entity Instance: brc:highcomp|brc:lowcomp|brc:lowcomp|brc:highcomp|brc:lowcomp ;
+----------------+-------+-----------------------------------------------------------------------------------+
; Parameter Name ; Value ; Type                                                                              ;
+----------------+-------+-----------------------------------------------------------------------------------+
; DATA_SIZE      ; 1     ; Signed Integer                                                                    ;
+----------------+-------+-----------------------------------------------------------------------------------+
Note: In order to hide this table in the UI and the text report file, please set the "Show Parameter Settings in Synthesis Report" option in "Analysis and Synthesis Settings -> More Settings" to "Off".


+-----------------------------------------------------------------------------------------------+
; Parameter Settings for User Entity Instance: brc:highcomp|brc:lowcomp|brc:lowcomp|brc:lowcomp ;
+----------------+-------+----------------------------------------------------------------------+
; Parameter Name ; Value ; Type                                                                 ;
+----------------+-------+----------------------------------------------------------------------+
; DATA_SIZE      ; 2     ; Signed Integer                                                       ;
+----------------+-------+----------------------------------------------------------------------+
Note: In order to hide this table in the UI and the text report file, please set the "Show Parameter Settings in Synthesis Report" option in "Analysis and Synthesis Settings -> More Settings" to "Off".


+------------------------------------------------------------------------------------------------------------+
; Parameter Settings for User Entity Instance: brc:highcomp|brc:lowcomp|brc:lowcomp|brc:lowcomp|brc:highcomp ;
+----------------+-------+-----------------------------------------------------------------------------------+
; Parameter Name ; Value ; Type                                                                              ;
+----------------+-------+-----------------------------------------------------------------------------------+
; DATA_SIZE      ; 1     ; Signed Integer                                                                    ;
+----------------+-------+-----------------------------------------------------------------------------------+
Note: In order to hide this table in the UI and the text report file, please set the "Show Parameter Settings in Synthesis Report" option in "Analysis and Synthesis Settings -> More Settings" to "Off".


+-----------------------------------------------------------------------------------------------------------+
; Parameter Settings for User Entity Instance: brc:highcomp|brc:lowcomp|brc:lowcomp|brc:lowcomp|brc:lowcomp ;
+----------------+-------+----------------------------------------------------------------------------------+
; Parameter Name ; Value ; Type                                                                             ;
+----------------+-------+----------------------------------------------------------------------------------+
; DATA_SIZE      ; 1     ; Signed Integer                                                                   ;
+----------------+-------+----------------------------------------------------------------------------------+
Note: In order to hide this table in the UI and the text report file, please set the "Show Parameter Settings in Synthesis Report" option in "Analysis and Synthesis Settings -> More Settings" to "Off".


+----------------------------------------------------------+
; Parameter Settings for User Entity Instance: brc:lowcomp ;
+----------------+-------+---------------------------------+
; Parameter Name ; Value ; Type                            ;
+----------------+-------+---------------------------------+
; DATA_SIZE      ; 16    ; Signed Integer                  ;
+----------------+-------+---------------------------------+
Note: In order to hide this table in the UI and the text report file, please set the "Show Parameter Settings in Synthesis Report" option in "Analysis and Synthesis Settings -> More Settings" to "Off".


+-----------------------------------------------------------------------+
; Parameter Settings for User Entity Instance: brc:lowcomp|brc:highcomp ;
+----------------+-------+----------------------------------------------+
; Parameter Name ; Value ; Type                                         ;
+----------------+-------+----------------------------------------------+
; DATA_SIZE      ; 8     ; Signed Integer                               ;
+----------------+-------+----------------------------------------------+
Note: In order to hide this table in the UI and the text report file, please set the "Show Parameter Settings in Synthesis Report" option in "Analysis and Synthesis Settings -> More Settings" to "Off".


+------------------------------------------------------------------------------------+
; Parameter Settings for User Entity Instance: brc:lowcomp|brc:highcomp|brc:highcomp ;
+----------------+-------+-----------------------------------------------------------+
; Parameter Name ; Value ; Type                                                      ;
+----------------+-------+-----------------------------------------------------------+
; DATA_SIZE      ; 4     ; Signed Integer                                            ;
+----------------+-------+-----------------------------------------------------------+
Note: In order to hide this table in the UI and the text report file, please set the "Show Parameter Settings in Synthesis Report" option in "Analysis and Synthesis Settings -> More Settings" to "Off".


+-------------------------------------------------------------------------------------------------+
; Parameter Settings for User Entity Instance: brc:lowcomp|brc:highcomp|brc:highcomp|brc:highcomp ;
+----------------+-------+------------------------------------------------------------------------+
; Parameter Name ; Value ; Type                                                                   ;
+----------------+-------+------------------------------------------------------------------------+
; DATA_SIZE      ; 2     ; Signed Integer                                                         ;
+----------------+-------+------------------------------------------------------------------------+
Note: In order to hide this table in the UI and the text report file, please set the "Show Parameter Settings in Synthesis Report" option in "Analysis and Synthesis Settings -> More Settings" to "Off".


+--------------------------------------------------------------------------------------------------------------+
; Parameter Settings for User Entity Instance: brc:lowcomp|brc:highcomp|brc:highcomp|brc:highcomp|brc:highcomp ;
+----------------+-------+-------------------------------------------------------------------------------------+
; Parameter Name ; Value ; Type                                                                                ;
+----------------+-------+-------------------------------------------------------------------------------------+
; DATA_SIZE      ; 1     ; Signed Integer                                                                      ;
+----------------+-------+-------------------------------------------------------------------------------------+
Note: In order to hide this table in the UI and the text report file, please set the "Show Parameter Settings in Synthesis Report" option in "Analysis and Synthesis Settings -> More Settings" to "Off".


+-------------------------------------------------------------------------------------------------------------+
; Parameter Settings for User Entity Instance: brc:lowcomp|brc:highcomp|brc:highcomp|brc:highcomp|brc:lowcomp ;
+----------------+-------+------------------------------------------------------------------------------------+
; Parameter Name ; Value ; Type                                                                               ;
+----------------+-------+------------------------------------------------------------------------------------+
; DATA_SIZE      ; 1     ; Signed Integer                                                                     ;
+----------------+-------+------------------------------------------------------------------------------------+
Note: In order to hide this table in the UI and the text report file, please set the "Show Parameter Settings in Synthesis Report" option in "Analysis and Synthesis Settings -> More Settings" to "Off".


+------------------------------------------------------------------------------------------------+
; Parameter Settings for User Entity Instance: brc:lowcomp|brc:highcomp|brc:highcomp|brc:lowcomp ;
+----------------+-------+-----------------------------------------------------------------------+
; Parameter Name ; Value ; Type                                                                  ;
+----------------+-------+-----------------------------------------------------------------------+
; DATA_SIZE      ; 2     ; Signed Integer                                                        ;
+----------------+-------+-----------------------------------------------------------------------+
Note: In order to hide this table in the UI and the text report file, please set the "Show Parameter Settings in Synthesis Report" option in "Analysis and Synthesis Settings -> More Settings" to "Off".


+-------------------------------------------------------------------------------------------------------------+
; Parameter Settings for User Entity Instance: brc:lowcomp|brc:highcomp|brc:highcomp|brc:lowcomp|brc:highcomp ;
+----------------+-------+------------------------------------------------------------------------------------+
; Parameter Name ; Value ; Type                                                                               ;
+----------------+-------+------------------------------------------------------------------------------------+
; DATA_SIZE      ; 1     ; Signed Integer                                                                     ;
+----------------+-------+------------------------------------------------------------------------------------+
Note: In order to hide this table in the UI and the text report file, please set the "Show Parameter Settings in Synthesis Report" option in "Analysis and Synthesis Settings -> More Settings" to "Off".


+------------------------------------------------------------------------------------------------------------+
; Parameter Settings for User Entity Instance: brc:lowcomp|brc:highcomp|brc:highcomp|brc:lowcomp|brc:lowcomp ;
+----------------+-------+-----------------------------------------------------------------------------------+
; Parameter Name ; Value ; Type                                                                              ;
+----------------+-------+-----------------------------------------------------------------------------------+
; DATA_SIZE      ; 1     ; Signed Integer                                                                    ;
+----------------+-------+-----------------------------------------------------------------------------------+
Note: In order to hide this table in the UI and the text report file, please set the "Show Parameter Settings in Synthesis Report" option in "Analysis and Synthesis Settings -> More Settings" to "Off".


+-----------------------------------------------------------------------------------+
; Parameter Settings for User Entity Instance: brc:lowcomp|brc:highcomp|brc:lowcomp ;
+----------------+-------+----------------------------------------------------------+
; Parameter Name ; Value ; Type                                                     ;
+----------------+-------+----------------------------------------------------------+
; DATA_SIZE      ; 4     ; Signed Integer                                           ;
+----------------+-------+----------------------------------------------------------+
Note: In order to hide this table in the UI and the text report file, please set the "Show Parameter Settings in Synthesis Report" option in "Analysis and Synthesis Settings -> More Settings" to "Off".


+------------------------------------------------------------------------------------------------+
; Parameter Settings for User Entity Instance: brc:lowcomp|brc:highcomp|brc:lowcomp|brc:highcomp ;
+----------------+-------+-----------------------------------------------------------------------+
; Parameter Name ; Value ; Type                                                                  ;
+----------------+-------+-----------------------------------------------------------------------+
; DATA_SIZE      ; 2     ; Signed Integer                                                        ;
+----------------+-------+-----------------------------------------------------------------------+
Note: In order to hide this table in the UI and the text report file, please set the "Show Parameter Settings in Synthesis Report" option in "Analysis and Synthesis Settings -> More Settings" to "Off".


+-------------------------------------------------------------------------------------------------------------+
; Parameter Settings for User Entity Instance: brc:lowcomp|brc:highcomp|brc:lowcomp|brc:highcomp|brc:highcomp ;
+----------------+-------+------------------------------------------------------------------------------------+
; Parameter Name ; Value ; Type                                                                               ;
+----------------+-------+------------------------------------------------------------------------------------+
; DATA_SIZE      ; 1     ; Signed Integer                                                                     ;
+----------------+-------+------------------------------------------------------------------------------------+
Note: In order to hide this table in the UI and the text report file, please set the "Show Parameter Settings in Synthesis Report" option in "Analysis and Synthesis Settings -> More Settings" to "Off".


+------------------------------------------------------------------------------------------------------------+
; Parameter Settings for User Entity Instance: brc:lowcomp|brc:highcomp|brc:lowcomp|brc:highcomp|brc:lowcomp ;
+----------------+-------+-----------------------------------------------------------------------------------+
; Parameter Name ; Value ; Type                                                                              ;
+----------------+-------+-----------------------------------------------------------------------------------+
; DATA_SIZE      ; 1     ; Signed Integer                                                                    ;
+----------------+-------+-----------------------------------------------------------------------------------+
Note: In order to hide this table in the UI and the text report file, please set the "Show Parameter Settings in Synthesis Report" option in "Analysis and Synthesis Settings -> More Settings" to "Off".


+-----------------------------------------------------------------------------------------------+
; Parameter Settings for User Entity Instance: brc:lowcomp|brc:highcomp|brc:lowcomp|brc:lowcomp ;
+----------------+-------+----------------------------------------------------------------------+
; Parameter Name ; Value ; Type                                                                 ;
+----------------+-------+----------------------------------------------------------------------+
; DATA_SIZE      ; 2     ; Signed Integer                                                       ;
+----------------+-------+----------------------------------------------------------------------+
Note: In order to hide this table in the UI and the text report file, please set the "Show Parameter Settings in Synthesis Report" option in "Analysis and Synthesis Settings -> More Settings" to "Off".


+------------------------------------------------------------------------------------------------------------+
; Parameter Settings for User Entity Instance: brc:lowcomp|brc:highcomp|brc:lowcomp|brc:lowcomp|brc:highcomp ;
+----------------+-------+-----------------------------------------------------------------------------------+
; Parameter Name ; Value ; Type                                                                              ;
+----------------+-------+-----------------------------------------------------------------------------------+
; DATA_SIZE      ; 1     ; Signed Integer                                                                    ;
+----------------+-------+-----------------------------------------------------------------------------------+
Note: In order to hide this table in the UI and the text report file, please set the "Show Parameter Settings in Synthesis Report" option in "Analysis and Synthesis Settings -> More Settings" to "Off".


+-----------------------------------------------------------------------------------------------------------+
; Parameter Settings for User Entity Instance: brc:lowcomp|brc:highcomp|brc:lowcomp|brc:lowcomp|brc:lowcomp ;
+----------------+-------+----------------------------------------------------------------------------------+
; Parameter Name ; Value ; Type                                                                             ;
+----------------+-------+----------------------------------------------------------------------------------+
; DATA_SIZE      ; 1     ; Signed Integer                                                                   ;
+----------------+-------+----------------------------------------------------------------------------------+
Note: In order to hide this table in the UI and the text report file, please set the "Show Parameter Settings in Synthesis Report" option in "Analysis and Synthesis Settings -> More Settings" to "Off".


+----------------------------------------------------------------------+
; Parameter Settings for User Entity Instance: brc:lowcomp|brc:lowcomp ;
+----------------+-------+---------------------------------------------+
; Parameter Name ; Value ; Type                                        ;
+----------------+-------+---------------------------------------------+
; DATA_SIZE      ; 8     ; Signed Integer                              ;
+----------------+-------+---------------------------------------------+
Note: In order to hide this table in the UI and the text report file, please set the "Show Parameter Settings in Synthesis Report" option in "Analysis and Synthesis Settings -> More Settings" to "Off".


+-----------------------------------------------------------------------------------+
; Parameter Settings for User Entity Instance: brc:lowcomp|brc:lowcomp|brc:highcomp ;
+----------------+-------+----------------------------------------------------------+
; Parameter Name ; Value ; Type                                                     ;
+----------------+-------+----------------------------------------------------------+
; DATA_SIZE      ; 4     ; Signed Integer                                           ;
+----------------+-------+----------------------------------------------------------+
Note: In order to hide this table in the UI and the text report file, please set the "Show Parameter Settings in Synthesis Report" option in "Analysis and Synthesis Settings -> More Settings" to "Off".


+------------------------------------------------------------------------------------------------+
; Parameter Settings for User Entity Instance: brc:lowcomp|brc:lowcomp|brc:highcomp|brc:highcomp ;
+----------------+-------+-----------------------------------------------------------------------+
; Parameter Name ; Value ; Type                                                                  ;
+----------------+-------+-----------------------------------------------------------------------+
; DATA_SIZE      ; 2     ; Signed Integer                                                        ;
+----------------+-------+-----------------------------------------------------------------------+
Note: In order to hide this table in the UI and the text report file, please set the "Show Parameter Settings in Synthesis Report" option in "Analysis and Synthesis Settings -> More Settings" to "Off".


+-------------------------------------------------------------------------------------------------------------+
; Parameter Settings for User Entity Instance: brc:lowcomp|brc:lowcomp|brc:highcomp|brc:highcomp|brc:highcomp ;
+----------------+-------+------------------------------------------------------------------------------------+
; Parameter Name ; Value ; Type                                                                               ;
+----------------+-------+------------------------------------------------------------------------------------+
; DATA_SIZE      ; 1     ; Signed Integer                                                                     ;
+----------------+-------+------------------------------------------------------------------------------------+
Note: In order to hide this table in the UI and the text report file, please set the "Show Parameter Settings in Synthesis Report" option in "Analysis and Synthesis Settings -> More Settings" to "Off".


+------------------------------------------------------------------------------------------------------------+
; Parameter Settings for User Entity Instance: brc:lowcomp|brc:lowcomp|brc:highcomp|brc:highcomp|brc:lowcomp ;
+----------------+-------+-----------------------------------------------------------------------------------+
; Parameter Name ; Value ; Type                                                                              ;
+----------------+-------+-----------------------------------------------------------------------------------+
; DATA_SIZE      ; 1     ; Signed Integer                                                                    ;
+----------------+-------+-----------------------------------------------------------------------------------+
Note: In order to hide this table in the UI and the text report file, please set the "Show Parameter Settings in Synthesis Report" option in "Analysis and Synthesis Settings -> More Settings" to "Off".


+-----------------------------------------------------------------------------------------------+
; Parameter Settings for User Entity Instance: brc:lowcomp|brc:lowcomp|brc:highcomp|brc:lowcomp ;
+----------------+-------+----------------------------------------------------------------------+
; Parameter Name ; Value ; Type                                                                 ;
+----------------+-------+----------------------------------------------------------------------+
; DATA_SIZE      ; 2     ; Signed Integer                                                       ;
+----------------+-------+----------------------------------------------------------------------+
Note: In order to hide this table in the UI and the text report file, please set the "Show Parameter Settings in Synthesis Report" option in "Analysis and Synthesis Settings -> More Settings" to "Off".


+------------------------------------------------------------------------------------------------------------+
; Parameter Settings for User Entity Instance: brc:lowcomp|brc:lowcomp|brc:highcomp|brc:lowcomp|brc:highcomp ;
+----------------+-------+-----------------------------------------------------------------------------------+
; Parameter Name ; Value ; Type                                                                              ;
+----------------+-------+-----------------------------------------------------------------------------------+
; DATA_SIZE      ; 1     ; Signed Integer                                                                    ;
+----------------+-------+-----------------------------------------------------------------------------------+
Note: In order to hide this table in the UI and the text report file, please set the "Show Parameter Settings in Synthesis Report" option in "Analysis and Synthesis Settings -> More Settings" to "Off".


+-----------------------------------------------------------------------------------------------------------+
; Parameter Settings for User Entity Instance: brc:lowcomp|brc:lowcomp|brc:highcomp|brc:lowcomp|brc:lowcomp ;
+----------------+-------+----------------------------------------------------------------------------------+
; Parameter Name ; Value ; Type                                                                             ;
+----------------+-------+----------------------------------------------------------------------------------+
; DATA_SIZE      ; 1     ; Signed Integer                                                                   ;
+----------------+-------+----------------------------------------------------------------------------------+
Note: In order to hide this table in the UI and the text report file, please set the "Show Parameter Settings in Synthesis Report" option in "Analysis and Synthesis Settings -> More Settings" to "Off".


+----------------------------------------------------------------------------------+
; Parameter Settings for User Entity Instance: brc:lowcomp|brc:lowcomp|brc:lowcomp ;
+----------------+-------+---------------------------------------------------------+
; Parameter Name ; Value ; Type                                                    ;
+----------------+-------+---------------------------------------------------------+
; DATA_SIZE      ; 4     ; Signed Integer                                          ;
+----------------+-------+---------------------------------------------------------+
Note: In order to hide this table in the UI and the text report file, please set the "Show Parameter Settings in Synthesis Report" option in "Analysis and Synthesis Settings -> More Settings" to "Off".


+-----------------------------------------------------------------------------------------------+
; Parameter Settings for User Entity Instance: brc:lowcomp|brc:lowcomp|brc:lowcomp|brc:highcomp ;
+----------------+-------+----------------------------------------------------------------------+
; Parameter Name ; Value ; Type                                                                 ;
+----------------+-------+----------------------------------------------------------------------+
; DATA_SIZE      ; 2     ; Signed Integer                                                       ;
+----------------+-------+----------------------------------------------------------------------+
Note: In order to hide this table in the UI and the text report file, please set the "Show Parameter Settings in Synthesis Report" option in "Analysis and Synthesis Settings -> More Settings" to "Off".


+------------------------------------------------------------------------------------------------------------+
; Parameter Settings for User Entity Instance: brc:lowcomp|brc:lowcomp|brc:lowcomp|brc:highcomp|brc:highcomp ;
+----------------+-------+-----------------------------------------------------------------------------------+
; Parameter Name ; Value ; Type                                                                              ;
+----------------+-------+-----------------------------------------------------------------------------------+
; DATA_SIZE      ; 1     ; Signed Integer                                                                    ;
+----------------+-------+-----------------------------------------------------------------------------------+
Note: In order to hide this table in the UI and the text report file, please set the "Show Parameter Settings in Synthesis Report" option in "Analysis and Synthesis Settings -> More Settings" to "Off".


+-----------------------------------------------------------------------------------------------------------+
; Parameter Settings for User Entity Instance: brc:lowcomp|brc:lowcomp|brc:lowcomp|brc:highcomp|brc:lowcomp ;
+----------------+-------+----------------------------------------------------------------------------------+
; Parameter Name ; Value ; Type                                                                             ;
+----------------+-------+----------------------------------------------------------------------------------+
; DATA_SIZE      ; 1     ; Signed Integer                                                                   ;
+----------------+-------+----------------------------------------------------------------------------------+
Note: In order to hide this table in the UI and the text report file, please set the "Show Parameter Settings in Synthesis Report" option in "Analysis and Synthesis Settings -> More Settings" to "Off".


+----------------------------------------------------------------------------------------------+
; Parameter Settings for User Entity Instance: brc:lowcomp|brc:lowcomp|brc:lowcomp|brc:lowcomp ;
+----------------+-------+---------------------------------------------------------------------+
; Parameter Name ; Value ; Type                                                                ;
+----------------+-------+---------------------------------------------------------------------+
; DATA_SIZE      ; 2     ; Signed Integer                                                      ;
+----------------+-------+---------------------------------------------------------------------+
Note: In order to hide this table in the UI and the text report file, please set the "Show Parameter Settings in Synthesis Report" option in "Analysis and Synthesis Settings -> More Settings" to "Off".


+-----------------------------------------------------------------------------------------------------------+
; Parameter Settings for User Entity Instance: brc:lowcomp|brc:lowcomp|brc:lowcomp|brc:lowcomp|brc:highcomp ;
+----------------+-------+----------------------------------------------------------------------------------+
; Parameter Name ; Value ; Type                                                                             ;
+----------------+-------+----------------------------------------------------------------------------------+
; DATA_SIZE      ; 1     ; Signed Integer                                                                   ;
+----------------+-------+----------------------------------------------------------------------------------+
Note: In order to hide this table in the UI and the text report file, please set the "Show Parameter Settings in Synthesis Report" option in "Analysis and Synthesis Settings -> More Settings" to "Off".


+----------------------------------------------------------------------------------------------------------+
; Parameter Settings for User Entity Instance: brc:lowcomp|brc:lowcomp|brc:lowcomp|brc:lowcomp|brc:lowcomp ;
+----------------+-------+---------------------------------------------------------------------------------+
; Parameter Name ; Value ; Type                                                                            ;
+----------------+-------+---------------------------------------------------------------------------------+
; DATA_SIZE      ; 1     ; Signed Integer                                                                  ;
+----------------+-------+---------------------------------------------------------------------------------+
Note: In order to hide this table in the UI and the text report file, please set the "Show Parameter Settings in Synthesis Report" option in "Analysis and Synthesis Settings -> More Settings" to "Off".


+-----------------------------------------------------+
; Post-Synthesis Netlist Statistics for Top Partition ;
+-----------------------+-----------------------------+
; Type                  ; Count                       ;
+-----------------------+-----------------------------+
; arriav_lcell_comb     ; 50                          ;
;     normal            ; 50                          ;
;         2 data inputs ; 3                           ;
;         3 data inputs ; 4                           ;
;         4 data inputs ; 13                          ;
;         5 data inputs ; 11                          ;
;         6 data inputs ; 19                          ;
; boundary_port         ; 67                          ;
;                       ;                             ;
; Max LUT depth         ; 4.00                        ;
; Average LUT depth     ; 3.83                        ;
+-----------------------+-----------------------------+


+-------------------------------+
; Elapsed Time Per Partition    ;
+----------------+--------------+
; Partition Name ; Elapsed Time ;
+----------------+--------------+
; Top            ; 00:00:00     ;
+----------------+--------------+


+-------------------------------+
; Analysis & Synthesis Messages ;
+-------------------------------+
Info: *******************************************************************
Info: Running Quartus Prime Analysis & Synthesis
    Info: Version 18.1.0 Build 625 09/12/2018 SJ Lite Edition
    Info: Processing started: Sat Nov 02 14:12:29 2024
Info: Command: quartus_map --read_settings_files=on --write_settings_files=off single_cycle -c single_cycle
Info (20032): Parallel compilation is enabled and will use up to 16 processors
Warning (12019): Can't analyze file -- file ../00_src/SDRAM.sv is missing
Info (12021): Found 1 design units, including 1 entities, in source file /214/ctmt/lab/milestone2_single cycle/00_src/ksa_adder.sv
    Info (12023): Found entity 1: ksa_adder File: D:/214/ctmt/lab/Milestone2_Single Cycle/00_src/ksa_adder.sv Line: 1
Info (12021): Found 1 design units, including 1 entities, in source file /214/ctmt/lab/milestone2_single cycle/00_src/lsu.sv
    Info (12023): Found entity 1: lsu File: D:/214/ctmt/lab/Milestone2_Single Cycle/00_src/lsu.sv Line: 1
Info (12021): Found 3 design units, including 3 entities, in source file /214/ctmt/lab/milestone2_single cycle/00_src/black_block.sv
    Info (12023): Found entity 1: pg_block File: D:/214/ctmt/lab/Milestone2_Single Cycle/00_src/black_block.sv Line: 2
    Info (12023): Found entity 2: fco_block File: D:/214/ctmt/lab/Milestone2_Single Cycle/00_src/black_block.sv Line: 13
    Info (12023): Found entity 3: sum_block File: D:/214/ctmt/lab/Milestone2_Single Cycle/00_src/black_block.sv Line: 24
Info (12021): Found 1 design units, including 1 entities, in source file /214/ctmt/lab/milestone2_single cycle/00_src/add_sub.sv
    Info (12023): Found entity 1: add_sub File: D:/214/ctmt/lab/Milestone2_Single Cycle/00_src/add_sub.sv Line: 1
Info (12021): Found 1 design units, including 1 entities, in source file /214/ctmt/lab/milestone2_single cycle/00_src/pc.sv
    Info (12023): Found entity 1: PC File: D:/214/ctmt/lab/Milestone2_Single Cycle/00_src/PC.sv Line: 1
Info (12021): Found 1 design units, including 1 entities, in source file /214/ctmt/lab/milestone2_single cycle/00_src/regfile.sv
    Info (12023): Found entity 1: regfile File: D:/214/ctmt/lab/Milestone2_Single Cycle/00_src/regfile.sv Line: 1
Info (12021): Found 1 design units, including 1 entities, in source file /214/ctmt/lab/milestone2_single cycle/00_src/brc.sv
    Info (12023): Found entity 1: brc File: D:/214/ctmt/lab/Milestone2_Single Cycle/00_src/brc.sv Line: 1
Info (12127): Elaborating entity "brc" for the top level hierarchy
Info (12128): Elaborating entity "brc" for hierarchy "brc:highcomp" File: D:/214/ctmt/lab/Milestone2_Single Cycle/00_src/brc.sv Line: 27
Info (12128): Elaborating entity "brc" for hierarchy "brc:highcomp|brc:highcomp" File: D:/214/ctmt/lab/Milestone2_Single Cycle/00_src/brc.sv Line: 27
Info (12128): Elaborating entity "brc" for hierarchy "brc:highcomp|brc:highcomp|brc:highcomp" File: D:/214/ctmt/lab/Milestone2_Single Cycle/00_src/brc.sv Line: 27
Info (12128): Elaborating entity "brc" for hierarchy "brc:highcomp|brc:highcomp|brc:highcomp|brc:highcomp" File: D:/214/ctmt/lab/Milestone2_Single Cycle/00_src/brc.sv Line: 27
Info (12128): Elaborating entity "brc" for hierarchy "brc:highcomp|brc:highcomp|brc:highcomp|brc:highcomp|brc:highcomp" File: D:/214/ctmt/lab/Milestone2_Single Cycle/00_src/brc.sv Line: 27
Info (286030): Timing-Driven Synthesis is running
Info (16010): Generating hard_block partition "hard_block:auto_generated_inst"
    Info (16011): Adding 0 node(s), including 0 DDIO, 0 PLL, 0 transceiver and 0 LCELL
Info (21057): Implemented 117 device resources after synthesis - the final resource count might be different
    Info (21058): Implemented 65 input pins
    Info (21059): Implemented 2 output pins
    Info (21061): Implemented 50 logic cells
Info: Quartus Prime Analysis & Synthesis was successful. 0 errors, 1 warning
    Info: Peak virtual memory: 4837 megabytes
    Info: Processing ended: Sat Nov 02 14:12:39 2024
    Info: Elapsed time: 00:00:10
    Info: Total CPU time (on all processors): 00:00:22


